C:\DOUG\METHANE-1.5.1\METHANE-1.5.1\DEBUG\BADDIE.OBJ
C:\DOUG\METHANE-1.5.1\METHANE-1.5.1\DEBUG\BITDRAW.OBJ
C:\DOUG\METHANE-1.5.1\METHANE-1.5.1\DEBUG\BITGROUP.OBJ
C:\DOUG\METHANE-1.5.1\METHANE-1.5.1\DEBUG\BITITEM.OBJ
C:\DOUG\METHANE-1.5.1\METHANE-1.5.1\DEBUG\BOSS.OBJ
C:\Doug\methane-1.5.1\methane-1.5.1\Debug\cl.command.1.tlog
C:\Doug\methane-1.5.1\methane-1.5.1\Debug\CL.read.1.tlog
C:\Doug\methane-1.5.1\methane-1.5.1\Debug\CL.write.1.tlog
C:\DOUG\METHANE-1.5.1\METHANE-1.5.1\DEBUG\DOC.OBJ
C:\DOUG\METHANE-1.5.1\METHANE-1.5.1\DEBUG\GAME.OBJ
C:\DOUG\METHANE-1.5.1\METHANE-1.5.1\DEBUG\GASOBJ.OBJ
C:\DOUG\METHANE-1.5.1\METHANE-1.5.1\DEBUG\GFXOFF.OBJ
C:\DOUG\METHANE-1.5.1\METHANE-1.5.1\DEBUG\GLOBAL.OBJ
C:\DOUG\METHANE-1.5.1\METHANE-1.5.1\DEBUG\GOODIE.OBJ
C:\Doug\methane-1.5.1\methane-1.5.1\Debug\link.8856.read.1.tlog
C:\Doug\methane-1.5.1\methane-1.5.1\Debug\link.8856.write.1.tlog
C:\Doug\methane-1.5.1\methane-1.5.1\Debug\link.8856-cvtres.read.1.tlog
C:\Doug\methane-1.5.1\methane-1.5.1\Debug\link.8856-cvtres.write.1.tlog
C:\Doug\methane-1.5.1\methane-1.5.1\Debug\link.command.1.tlog
C:\Doug\methane-1.5.1\methane-1.5.1\Debug\link.read.1.tlog
C:\Doug\methane-1.5.1\methane-1.5.1\Debug\link.write.1.tlog
C:\Doug\methane-1.5.1\methane-1.5.1\Debug\link-cvtres.read.1.tlog
C:\Doug\methane-1.5.1\methane-1.5.1\Debug\link-cvtres.write.1.tlog
C:\DOUG\METHANE-1.5.1\METHANE-1.5.1\DEBUG\MAPDATA.OBJ
C:\DOUG\METHANE-1.5.1\METHANE-1.5.1\DEBUG\MAPS.OBJ
C:\DOUG\METHANE-1.5.1\METHANE-1.5.1\DEBUG\METHANE.EXE
C:\DOUG\METHANE-1.5.1\METHANE-1.5.1\DEBUG\METHANE.EXE.EMBED.MANIFEST
C:\DOUG\METHANE-1.5.1\METHANE-1.5.1\DEBUG\METHANE.EXE.EMBED.MANIFEST.RES
C:\DOUG\METHANE-1.5.1\METHANE-1.5.1\DEBUG\METHANE.EXE.INTERMEDIATE.MANIFEST
C:\DOUG\METHANE-1.5.1\METHANE-1.5.1\DEBUG\METHANE.ILK
C:\DOUG\METHANE-1.5.1\METHANE-1.5.1\DEBUG\METHANE.OBJ
C:\DOUG\METHANE-1.5.1\METHANE-1.5.1\DEBUG\METHANE.PDB
C:\Doug\methane-1.5.1\methane-1.5.1\Debug\Methane.write.1.tlog
C:\Doug\methane-1.5.1\methane-1.5.1\Debug\Methane_manifest.rc
C:\Doug\methane-1.5.1\methane-1.5.1\Debug\Methane-vc90.vcxprojResolveAssemblyReference.cache
C:\DOUG\METHANE-1.5.1\METHANE-1.5.1\DEBUG\MISC.OBJ
C:\Doug\methane-1.5.1\methane-1.5.1\Debug\mt.command.1.tlog
C:\Doug\methane-1.5.1\methane-1.5.1\Debug\mt.read.1.tlog
C:\Doug\methane-1.5.1\methane-1.5.1\Debug\mt.write.1.tlog
C:\DOUG\METHANE-1.5.1\METHANE-1.5.1\DEBUG\OBJLIST.OBJ
C:\DOUG\METHANE-1.5.1\METHANE-1.5.1\DEBUG\PLAYER.OBJ
C:\DOUG\METHANE-1.5.1\METHANE-1.5.1\DEBUG\POWER.OBJ
C:\Doug\methane-1.5.1\methane-1.5.1\Debug\rc.command.1.tlog
C:\Doug\methane-1.5.1\methane-1.5.1\Debug\rc.read.1.tlog
C:\Doug\methane-1.5.1\methane-1.5.1\Debug\rc.write.1.tlog
C:\DOUG\METHANE-1.5.1\METHANE-1.5.1\DEBUG\SOUND.OBJ
C:\DOUG\METHANE-1.5.1\METHANE-1.5.1\DEBUG\SUCK.OBJ
C:\DOUG\METHANE-1.5.1\METHANE-1.5.1\DEBUG\TARGET.OBJ
C:\Doug\methane-1.5.1\methane-1.5.1\Debug\vc100.idb
C:\DOUG\METHANE-1.5.1\METHANE-1.5.1\DEBUG\VC100.PDB
C:\DOUG\METHANE-1.5.1\METHANE-1.5.1\DEBUG\WEAPON.OBJ
